CRITICAL - 2026-01-16 11:05:37 --> CodeIgniter\View\Exceptions\ViewException: Invalid file: "welcome_message.php"
[Method: GET, Route: /]
in SYSTEMPATH\Exceptions\FrameworkException.php on line 39.
 1 SYSTEMPATH\View\View.php(214): CodeIgniter\Exceptions\FrameworkException::forInvalidFile('welcome_message.php')
 2 SYSTEMPATH\Common.php(1199): CodeIgniter\View\View->render('welcome_message', [], true)
 3 APPPATH\Controllers\Home.php(9): view('welcome_message')
 4 SYSTEMPATH\CodeIgniter.php(933): App\Controllers\Home->index()
 5 SYSTEMPATH\CodeIgniter.php(507): CodeIgniter\CodeIgniter->runController(Object(App\Controllers\Home))
 6 SYSTEMPATH\CodeIgniter.php(354): CodeIgniter\CodeIgniter->handleRequest(null, Object(Config\Cache), false)
 7 SYSTEMPATH\Boot.php(363): CodeIgniter\CodeIgniter->run()
 8 SYSTEMPATH\Boot.php(68): CodeIgniter\Boot::runCodeIgniter(Object(CodeIgniter\CodeIgniter))
 9 FCPATH\index.php(59): CodeIgniter\Boot::bootWeb(Object(Config\Paths))
ERROR - 2026-01-16 11:58:22 --> Error connecting to the database: mysqli_sql_exception: Access denied for user 'josemanuelsantamargarita_admin'@'localhost' (using password: YES) in C:\xampp\htdocs\codeigniter\PracticaFinal_Tienda\system\Database\MySQLi\Connection.php:201
Stack trace:
#0 C:\xampp\htdocs\codeigniter\PracticaFinal_Tienda\system\Database\MySQLi\Connection.php(201): mysqli->real_connect('localhost', 'josemanuelsanta...', Object(SensitiveParameterValue), 'josemanuelsanta...', 3306, '', 0)
#1 C:\xampp\htdocs\codeigniter\PracticaFinal_Tienda\system\Database\BaseConnection.php(419): CodeIgniter\Database\MySQLi\Connection->connect(false)
#2 C:\xampp\htdocs\codeigniter\PracticaFinal_Tienda\system\Database\BaseConnection.php(614): CodeIgniter\Database\BaseConnection->initialize()
#3 C:\xampp\htdocs\codeigniter\PracticaFinal_Tienda\system\Database\BaseBuilder.php(1649): CodeIgniter\Database\BaseConnection->query('SELECT *\nFROM `...', Array, false)
#4 C:\xampp\htdocs\codeigniter\PracticaFinal_Tienda\system\Model.php(286): CodeIgniter\Database\BaseBuilder->get()
#5 C:\xampp\htdocs\codeigniter\PracticaFinal_Tienda\system\BaseModel.php(677): CodeIgniter\Model->doFindAll(4, 0)
#6 C:\xampp\htdocs\codeigniter\PracticaFinal_Tienda\app\Models\InicioModel.php(14): CodeIgniter\BaseModel->findAll(4)
#7 C:\xampp\htdocs\codeigniter\PracticaFinal_Tienda\app\Controllers\Home.php(11): App\Models\InicioModel->getProductosPopulares()
#8 C:\xampp\htdocs\codeigniter\PracticaFinal_Tienda\system\CodeIgniter.php(933): App\Controllers\Home->index()
#9 C:\xampp\htdocs\codeigniter\PracticaFinal_Tienda\system\CodeIgniter.php(507): CodeIgniter\CodeIgniter->runController(Object(App\Controllers\Home))
#10 C:\xampp\htdocs\codeigniter\PracticaFinal_Tienda\system\CodeIgniter.php(354): CodeIgniter\CodeIgniter->handleRequest(NULL, Object(Config\Cache), false)
#11 C:\xampp\htdocs\codeigniter\PracticaFinal_Tienda\system\Boot.php(363): CodeIgniter\CodeIgniter->run()
#12 C:\xampp\htdocs\codeigniter\PracticaFinal_Tienda\system\Boot.php(68): CodeIgniter\Boot::runCodeIgniter(Object(CodeIgniter\CodeIgniter))
#13 C:\xampp\htdocs\codeigniter\PracticaFinal_Tienda\public\index.php(59): CodeIgniter\Boot::bootWeb(Object(Config\Paths))
#14 {main}

Next CodeIgniter\Database\Exceptions\DatabaseException: Access denied for user '****'@'localhost' (using password: YES) in C:\xampp\htdocs\codeigniter\PracticaFinal_Tienda\system\Database\MySQLi\Connection.php:246
Stack trace:
#0 C:\xampp\htdocs\codeigniter\PracticaFinal_Tienda\system\Database\BaseConnection.php(419): CodeIgniter\Database\MySQLi\Connection->connect(false)
#1 C:\xampp\htdocs\codeigniter\PracticaFinal_Tienda\system\Database\BaseConnection.php(614): CodeIgniter\Database\BaseConnection->initialize()
#2 C:\xampp\htdocs\codeigniter\PracticaFinal_Tienda\system\Database\BaseBuilder.php(1649): CodeIgniter\Database\BaseConnection->query('SELECT *\nFROM `...', Array, false)
#3 C:\xampp\htdocs\codeigniter\PracticaFinal_Tienda\system\Model.php(286): CodeIgniter\Database\BaseBuilder->get()
#4 C:\xampp\htdocs\codeigniter\PracticaFinal_Tienda\system\BaseModel.php(677): CodeIgniter\Model->doFindAll(4, 0)
#5 C:\xampp\htdocs\codeigniter\PracticaFinal_Tienda\app\Models\InicioModel.php(14): CodeIgniter\BaseModel->findAll(4)
#6 C:\xampp\htdocs\codeigniter\PracticaFinal_Tienda\app\Controllers\Home.php(11): App\Models\InicioModel->getProductosPopulares()
#7 C:\xampp\htdocs\codeigniter\PracticaFinal_Tienda\system\CodeIgniter.php(933): App\Controllers\Home->index()
#8 C:\xampp\htdocs\codeigniter\PracticaFinal_Tienda\system\CodeIgniter.php(507): CodeIgniter\CodeIgniter->runController(Object(App\Controllers\Home))
#9 C:\xampp\htdocs\codeigniter\PracticaFinal_Tienda\system\CodeIgniter.php(354): CodeIgniter\CodeIgniter->handleRequest(NULL, Object(Config\Cache), false)
#10 C:\xampp\htdocs\codeigniter\PracticaFinal_Tienda\system\Boot.php(363): CodeIgniter\CodeIgniter->run()
#11 C:\xampp\htdocs\codeigniter\PracticaFinal_Tienda\system\Boot.php(68): CodeIgniter\Boot::runCodeIgniter(Object(CodeIgniter\CodeIgniter))
#12 C:\xampp\htdocs\codeigniter\PracticaFinal_Tienda\public\index.php(59): CodeIgniter\Boot::bootWeb(Object(Config\Paths))
#13 {main}
CRITICAL - 2026-01-16 11:58:22 --> CodeIgniter\Database\Exceptions\DatabaseException: Unable to connect to the database.
Main connection [MySQLi]: Access denied for user '****'@'localhost' (using password: YES)
[Method: GET, Route: /]
in SYSTEMPATH\Database\BaseConnection.php on line 465.
 1 SYSTEMPATH\Database\BaseConnection.php(614): CodeIgniter\Database\BaseConnection->initialize()
 2 SYSTEMPATH\Database\BaseBuilder.php(1649): CodeIgniter\Database\BaseConnection->query('SELECT *
FROM `Productos`
ORDER BY `Visitas` DESC
 LIMIT 4', [], false)
 3 SYSTEMPATH\Model.php(286): CodeIgniter\Database\BaseBuilder->get()
 4 SYSTEMPATH\BaseModel.php(677): CodeIgniter\Model->doFindAll(4, 0)
 5 APPPATH\Models\InicioModel.php(14): CodeIgniter\BaseModel->findAll(4)
 6 APPPATH\Controllers\Home.php(11): App\Models\InicioModel->getProductosPopulares()
 7 SYSTEMPATH\CodeIgniter.php(933): App\Controllers\Home->index()
 8 SYSTEMPATH\CodeIgniter.php(507): CodeIgniter\CodeIgniter->runController(Object(App\Controllers\Home))
 9 SYSTEMPATH\CodeIgniter.php(354): CodeIgniter\CodeIgniter->handleRequest(null, Object(Config\Cache), false)
10 SYSTEMPATH\Boot.php(363): CodeIgniter\CodeIgniter->run()
11 SYSTEMPATH\Boot.php(68): CodeIgniter\Boot::runCodeIgniter(Object(CodeIgniter\CodeIgniter))
12 FCPATH\index.php(59): CodeIgniter\Boot::bootWeb(Object(Config\Paths))
ERROR - 2026-01-16 12:00:04 --> Error connecting to the database: mysqli_sql_exception: Access denied for user 'josemanuelsantamargarita_admin'@'localhost' (using password: YES) in C:\xampp\htdocs\codeigniter\PracticaFinal_Tienda\system\Database\MySQLi\Connection.php:201
Stack trace:
#0 C:\xampp\htdocs\codeigniter\PracticaFinal_Tienda\system\Database\MySQLi\Connection.php(201): mysqli->real_connect('localhost', 'josemanuelsanta...', Object(SensitiveParameterValue), 'josemanuelsanta...', 3306, '', 0)
#1 C:\xampp\htdocs\codeigniter\PracticaFinal_Tienda\system\Database\BaseConnection.php(419): CodeIgniter\Database\MySQLi\Connection->connect(false)
#2 C:\xampp\htdocs\codeigniter\PracticaFinal_Tienda\system\Database\BaseConnection.php(614): CodeIgniter\Database\BaseConnection->initialize()
#3 C:\xampp\htdocs\codeigniter\PracticaFinal_Tienda\system\Database\BaseBuilder.php(1649): CodeIgniter\Database\BaseConnection->query('SELECT *\nFROM `...', Array, false)
#4 C:\xampp\htdocs\codeigniter\PracticaFinal_Tienda\system\Model.php(286): CodeIgniter\Database\BaseBuilder->get()
#5 C:\xampp\htdocs\codeigniter\PracticaFinal_Tienda\system\BaseModel.php(677): CodeIgniter\Model->doFindAll(4, 0)
#6 C:\xampp\htdocs\codeigniter\PracticaFinal_Tienda\app\Models\InicioModel.php(14): CodeIgniter\BaseModel->findAll(4)
#7 C:\xampp\htdocs\codeigniter\PracticaFinal_Tienda\app\Controllers\Home.php(11): App\Models\InicioModel->getProductosPopulares()
#8 C:\xampp\htdocs\codeigniter\PracticaFinal_Tienda\system\CodeIgniter.php(933): App\Controllers\Home->index()
#9 C:\xampp\htdocs\codeigniter\PracticaFinal_Tienda\system\CodeIgniter.php(507): CodeIgniter\CodeIgniter->runController(Object(App\Controllers\Home))
#10 C:\xampp\htdocs\codeigniter\PracticaFinal_Tienda\system\CodeIgniter.php(354): CodeIgniter\CodeIgniter->handleRequest(NULL, Object(Config\Cache), false)
#11 C:\xampp\htdocs\codeigniter\PracticaFinal_Tienda\system\Boot.php(363): CodeIgniter\CodeIgniter->run()
#12 C:\xampp\htdocs\codeigniter\PracticaFinal_Tienda\system\Boot.php(68): CodeIgniter\Boot::runCodeIgniter(Object(CodeIgniter\CodeIgniter))
#13 C:\xampp\htdocs\codeigniter\PracticaFinal_Tienda\public\index.php(59): CodeIgniter\Boot::bootWeb(Object(Config\Paths))
#14 {main}

Next CodeIgniter\Database\Exceptions\DatabaseException: Access denied for user '****'@'localhost' (using password: YES) in C:\xampp\htdocs\codeigniter\PracticaFinal_Tienda\system\Database\MySQLi\Connection.php:246
Stack trace:
#0 C:\xampp\htdocs\codeigniter\PracticaFinal_Tienda\system\Database\BaseConnection.php(419): CodeIgniter\Database\MySQLi\Connection->connect(false)
#1 C:\xampp\htdocs\codeigniter\PracticaFinal_Tienda\system\Database\BaseConnection.php(614): CodeIgniter\Database\BaseConnection->initialize()
#2 C:\xampp\htdocs\codeigniter\PracticaFinal_Tienda\system\Database\BaseBuilder.php(1649): CodeIgniter\Database\BaseConnection->query('SELECT *\nFROM `...', Array, false)
#3 C:\xampp\htdocs\codeigniter\PracticaFinal_Tienda\system\Model.php(286): CodeIgniter\Database\BaseBuilder->get()
#4 C:\xampp\htdocs\codeigniter\PracticaFinal_Tienda\system\BaseModel.php(677): CodeIgniter\Model->doFindAll(4, 0)
#5 C:\xampp\htdocs\codeigniter\PracticaFinal_Tienda\app\Models\InicioModel.php(14): CodeIgniter\BaseModel->findAll(4)
#6 C:\xampp\htdocs\codeigniter\PracticaFinal_Tienda\app\Controllers\Home.php(11): App\Models\InicioModel->getProductosPopulares()
#7 C:\xampp\htdocs\codeigniter\PracticaFinal_Tienda\system\CodeIgniter.php(933): App\Controllers\Home->index()
#8 C:\xampp\htdocs\codeigniter\PracticaFinal_Tienda\system\CodeIgniter.php(507): CodeIgniter\CodeIgniter->runController(Object(App\Controllers\Home))
#9 C:\xampp\htdocs\codeigniter\PracticaFinal_Tienda\system\CodeIgniter.php(354): CodeIgniter\CodeIgniter->handleRequest(NULL, Object(Config\Cache), false)
#10 C:\xampp\htdocs\codeigniter\PracticaFinal_Tienda\system\Boot.php(363): CodeIgniter\CodeIgniter->run()
#11 C:\xampp\htdocs\codeigniter\PracticaFinal_Tienda\system\Boot.php(68): CodeIgniter\Boot::runCodeIgniter(Object(CodeIgniter\CodeIgniter))
#12 C:\xampp\htdocs\codeigniter\PracticaFinal_Tienda\public\index.php(59): CodeIgniter\Boot::bootWeb(Object(Config\Paths))
#13 {main}
CRITICAL - 2026-01-16 12:00:04 --> CodeIgniter\Database\Exceptions\DatabaseException: Unable to connect to the database.
Main connection [MySQLi]: Access denied for user '****'@'localhost' (using password: YES)
[Method: GET, Route: /]
in SYSTEMPATH\Database\BaseConnection.php on line 465.
 1 SYSTEMPATH\Database\BaseConnection.php(614): CodeIgniter\Database\BaseConnection->initialize()
 2 SYSTEMPATH\Database\BaseBuilder.php(1649): CodeIgniter\Database\BaseConnection->query('SELECT *
FROM `Productos`
ORDER BY `Visitas` DESC
 LIMIT 4', [], false)
 3 SYSTEMPATH\Model.php(286): CodeIgniter\Database\BaseBuilder->get()
 4 SYSTEMPATH\BaseModel.php(677): CodeIgniter\Model->doFindAll(4, 0)
 5 APPPATH\Models\InicioModel.php(14): CodeIgniter\BaseModel->findAll(4)
 6 APPPATH\Controllers\Home.php(11): App\Models\InicioModel->getProductosPopulares()
 7 SYSTEMPATH\CodeIgniter.php(933): App\Controllers\Home->index()
 8 SYSTEMPATH\CodeIgniter.php(507): CodeIgniter\CodeIgniter->runController(Object(App\Controllers\Home))
 9 SYSTEMPATH\CodeIgniter.php(354): CodeIgniter\CodeIgniter->handleRequest(null, Object(Config\Cache), false)
10 SYSTEMPATH\Boot.php(363): CodeIgniter\CodeIgniter->run()
11 SYSTEMPATH\Boot.php(68): CodeIgniter\Boot::runCodeIgniter(Object(CodeIgniter\CodeIgniter))
12 FCPATH\index.php(59): CodeIgniter\Boot::bootWeb(Object(Config\Paths))
ERROR - 2026-01-16 12:00:22 --> Error connecting to the database: mysqli_sql_exception: Access denied for user 'josemanuelsantamargarita_admin'@'localhost' (using password: NO) in C:\xampp\htdocs\codeigniter\PracticaFinal_Tienda\system\Database\MySQLi\Connection.php:201
Stack trace:
#0 C:\xampp\htdocs\codeigniter\PracticaFinal_Tienda\system\Database\MySQLi\Connection.php(201): mysqli->real_connect('localhost', 'josemanuelsanta...', Object(SensitiveParameterValue), 'josemanuelsanta...', 3306, '', 0)
#1 C:\xampp\htdocs\codeigniter\PracticaFinal_Tienda\system\Database\BaseConnection.php(419): CodeIgniter\Database\MySQLi\Connection->connect(false)
#2 C:\xampp\htdocs\codeigniter\PracticaFinal_Tienda\system\Database\BaseConnection.php(614): CodeIgniter\Database\BaseConnection->initialize()
#3 C:\xampp\htdocs\codeigniter\PracticaFinal_Tienda\system\Database\BaseBuilder.php(1649): CodeIgniter\Database\BaseConnection->query('SELECT *\nFROM `...', Array, false)
#4 C:\xampp\htdocs\codeigniter\PracticaFinal_Tienda\system\Model.php(286): CodeIgniter\Database\BaseBuilder->get()
#5 C:\xampp\htdocs\codeigniter\PracticaFinal_Tienda\system\BaseModel.php(677): CodeIgniter\Model->doFindAll(4, 0)
#6 C:\xampp\htdocs\codeigniter\PracticaFinal_Tienda\app\Models\InicioModel.php(14): CodeIgniter\BaseModel->findAll(4)
#7 C:\xampp\htdocs\codeigniter\PracticaFinal_Tienda\app\Controllers\Home.php(11): App\Models\InicioModel->getProductosPopulares()
#8 C:\xampp\htdocs\codeigniter\PracticaFinal_Tienda\system\CodeIgniter.php(933): App\Controllers\Home->index()
#9 C:\xampp\htdocs\codeigniter\PracticaFinal_Tienda\system\CodeIgniter.php(507): CodeIgniter\CodeIgniter->runController(Object(App\Controllers\Home))
#10 C:\xampp\htdocs\codeigniter\PracticaFinal_Tienda\system\CodeIgniter.php(354): CodeIgniter\CodeIgniter->handleRequest(NULL, Object(Config\Cache), false)
#11 C:\xampp\htdocs\codeigniter\PracticaFinal_Tienda\system\Boot.php(363): CodeIgniter\CodeIgniter->run()
#12 C:\xampp\htdocs\codeigniter\PracticaFinal_Tienda\system\Boot.php(68): CodeIgniter\Boot::runCodeIgniter(Object(CodeIgniter\CodeIgniter))
#13 C:\xampp\htdocs\codeigniter\PracticaFinal_Tienda\public\index.php(59): CodeIgniter\Boot::bootWeb(Object(Config\Paths))
#14 {main}

Next CodeIgniter\Database\Exceptions\DatabaseException: Access denied for user '****'@'localhost' (using password: NO) in C:\xampp\htdocs\codeigniter\PracticaFinal_Tienda\system\Database\MySQLi\Connection.php:246
Stack trace:
#0 C:\xampp\htdocs\codeigniter\PracticaFinal_Tienda\system\Database\BaseConnection.php(419): CodeIgniter\Database\MySQLi\Connection->connect(false)
#1 C:\xampp\htdocs\codeigniter\PracticaFinal_Tienda\system\Database\BaseConnection.php(614): CodeIgniter\Database\BaseConnection->initialize()
#2 C:\xampp\htdocs\codeigniter\PracticaFinal_Tienda\system\Database\BaseBuilder.php(1649): CodeIgniter\Database\BaseConnection->query('SELECT *\nFROM `...', Array, false)
#3 C:\xampp\htdocs\codeigniter\PracticaFinal_Tienda\system\Model.php(286): CodeIgniter\Database\BaseBuilder->get()
#4 C:\xampp\htdocs\codeigniter\PracticaFinal_Tienda\system\BaseModel.php(677): CodeIgniter\Model->doFindAll(4, 0)
#5 C:\xampp\htdocs\codeigniter\PracticaFinal_Tienda\app\Models\InicioModel.php(14): CodeIgniter\BaseModel->findAll(4)
#6 C:\xampp\htdocs\codeigniter\PracticaFinal_Tienda\app\Controllers\Home.php(11): App\Models\InicioModel->getProductosPopulares()
#7 C:\xampp\htdocs\codeigniter\PracticaFinal_Tienda\system\CodeIgniter.php(933): App\Controllers\Home->index()
#8 C:\xampp\htdocs\codeigniter\PracticaFinal_Tienda\system\CodeIgniter.php(507): CodeIgniter\CodeIgniter->runController(Object(App\Controllers\Home))
#9 C:\xampp\htdocs\codeigniter\PracticaFinal_Tienda\system\CodeIgniter.php(354): CodeIgniter\CodeIgniter->handleRequest(NULL, Object(Config\Cache), false)
#10 C:\xampp\htdocs\codeigniter\PracticaFinal_Tienda\system\Boot.php(363): CodeIgniter\CodeIgniter->run()
#11 C:\xampp\htdocs\codeigniter\PracticaFinal_Tienda\system\Boot.php(68): CodeIgniter\Boot::runCodeIgniter(Object(CodeIgniter\CodeIgniter))
#12 C:\xampp\htdocs\codeigniter\PracticaFinal_Tienda\public\index.php(59): CodeIgniter\Boot::bootWeb(Object(Config\Paths))
#13 {main}
CRITICAL - 2026-01-16 12:00:22 --> CodeIgniter\Database\Exceptions\DatabaseException: Unable to connect to the database.
Main connection [MySQLi]: Access denied for user '****'@'localhost' (using password: NO)
[Method: GET, Route: /]
in SYSTEMPATH\Database\BaseConnection.php on line 465.
 1 SYSTEMPATH\Database\BaseConnection.php(614): CodeIgniter\Database\BaseConnection->initialize()
 2 SYSTEMPATH\Database\BaseBuilder.php(1649): CodeIgniter\Database\BaseConnection->query('SELECT *
FROM `Productos`
ORDER BY `Visitas` DESC
 LIMIT 4', [], false)
 3 SYSTEMPATH\Model.php(286): CodeIgniter\Database\BaseBuilder->get()
 4 SYSTEMPATH\BaseModel.php(677): CodeIgniter\Model->doFindAll(4, 0)
 5 APPPATH\Models\InicioModel.php(14): CodeIgniter\BaseModel->findAll(4)
 6 APPPATH\Controllers\Home.php(11): App\Models\InicioModel->getProductosPopulares()
 7 SYSTEMPATH\CodeIgniter.php(933): App\Controllers\Home->index()
 8 SYSTEMPATH\CodeIgniter.php(507): CodeIgniter\CodeIgniter->runController(Object(App\Controllers\Home))
 9 SYSTEMPATH\CodeIgniter.php(354): CodeIgniter\CodeIgniter->handleRequest(null, Object(Config\Cache), false)
10 SYSTEMPATH\Boot.php(363): CodeIgniter\CodeIgniter->run()
11 SYSTEMPATH\Boot.php(68): CodeIgniter\Boot::runCodeIgniter(Object(CodeIgniter\CodeIgniter))
12 FCPATH\index.php(59): CodeIgniter\Boot::bootWeb(Object(Config\Paths))
ERROR - 2026-01-16 12:00:42 --> Error connecting to the database: mysqli_sql_exception: Access denied for user 'josemanuelsantamargarita_admin'@'localhost' (using password: YES) in C:\xampp\htdocs\codeigniter\PracticaFinal_Tienda\system\Database\MySQLi\Connection.php:201
Stack trace:
#0 C:\xampp\htdocs\codeigniter\PracticaFinal_Tienda\system\Database\MySQLi\Connection.php(201): mysqli->real_connect('localhost', 'josemanuelsanta...', Object(SensitiveParameterValue), 'josemanuelsanta...', 3306, '', 0)
#1 C:\xampp\htdocs\codeigniter\PracticaFinal_Tienda\system\Database\BaseConnection.php(419): CodeIgniter\Database\MySQLi\Connection->connect(false)
#2 C:\xampp\htdocs\codeigniter\PracticaFinal_Tienda\system\Database\BaseConnection.php(614): CodeIgniter\Database\BaseConnection->initialize()
#3 C:\xampp\htdocs\codeigniter\PracticaFinal_Tienda\system\Database\BaseBuilder.php(1649): CodeIgniter\Database\BaseConnection->query('SELECT *\nFROM `...', Array, false)
#4 C:\xampp\htdocs\codeigniter\PracticaFinal_Tienda\system\Model.php(286): CodeIgniter\Database\BaseBuilder->get()
#5 C:\xampp\htdocs\codeigniter\PracticaFinal_Tienda\system\BaseModel.php(677): CodeIgniter\Model->doFindAll(4, 0)
#6 C:\xampp\htdocs\codeigniter\PracticaFinal_Tienda\app\Models\InicioModel.php(14): CodeIgniter\BaseModel->findAll(4)
#7 C:\xampp\htdocs\codeigniter\PracticaFinal_Tienda\app\Controllers\Home.php(11): App\Models\InicioModel->getProductosPopulares()
#8 C:\xampp\htdocs\codeigniter\PracticaFinal_Tienda\system\CodeIgniter.php(933): App\Controllers\Home->index()
#9 C:\xampp\htdocs\codeigniter\PracticaFinal_Tienda\system\CodeIgniter.php(507): CodeIgniter\CodeIgniter->runController(Object(App\Controllers\Home))
#10 C:\xampp\htdocs\codeigniter\PracticaFinal_Tienda\system\CodeIgniter.php(354): CodeIgniter\CodeIgniter->handleRequest(NULL, Object(Config\Cache), false)
#11 C:\xampp\htdocs\codeigniter\PracticaFinal_Tienda\system\Boot.php(363): CodeIgniter\CodeIgniter->run()
#12 C:\xampp\htdocs\codeigniter\PracticaFinal_Tienda\system\Boot.php(68): CodeIgniter\Boot::runCodeIgniter(Object(CodeIgniter\CodeIgniter))
#13 C:\xampp\htdocs\codeigniter\PracticaFinal_Tienda\public\index.php(59): CodeIgniter\Boot::bootWeb(Object(Config\Paths))
#14 {main}

Next CodeIgniter\Database\Exceptions\DatabaseException: Access denied for user '****'@'localhost' (using password: YES) in C:\xampp\htdocs\codeigniter\PracticaFinal_Tienda\system\Database\MySQLi\Connection.php:246
Stack trace:
#0 C:\xampp\htdocs\codeigniter\PracticaFinal_Tienda\system\Database\BaseConnection.php(419): CodeIgniter\Database\MySQLi\Connection->connect(false)
#1 C:\xampp\htdocs\codeigniter\PracticaFinal_Tienda\system\Database\BaseConnection.php(614): CodeIgniter\Database\BaseConnection->initialize()
#2 C:\xampp\htdocs\codeigniter\PracticaFinal_Tienda\system\Database\BaseBuilder.php(1649): CodeIgniter\Database\BaseConnection->query('SELECT *\nFROM `...', Array, false)
#3 C:\xampp\htdocs\codeigniter\PracticaFinal_Tienda\system\Model.php(286): CodeIgniter\Database\BaseBuilder->get()
#4 C:\xampp\htdocs\codeigniter\PracticaFinal_Tienda\system\BaseModel.php(677): CodeIgniter\Model->doFindAll(4, 0)
#5 C:\xampp\htdocs\codeigniter\PracticaFinal_Tienda\app\Models\InicioModel.php(14): CodeIgniter\BaseModel->findAll(4)
#6 C:\xampp\htdocs\codeigniter\PracticaFinal_Tienda\app\Controllers\Home.php(11): App\Models\InicioModel->getProductosPopulares()
#7 C:\xampp\htdocs\codeigniter\PracticaFinal_Tienda\system\CodeIgniter.php(933): App\Controllers\Home->index()
#8 C:\xampp\htdocs\codeigniter\PracticaFinal_Tienda\system\CodeIgniter.php(507): CodeIgniter\CodeIgniter->runController(Object(App\Controllers\Home))
#9 C:\xampp\htdocs\codeigniter\PracticaFinal_Tienda\system\CodeIgniter.php(354): CodeIgniter\CodeIgniter->handleRequest(NULL, Object(Config\Cache), false)
#10 C:\xampp\htdocs\codeigniter\PracticaFinal_Tienda\system\Boot.php(363): CodeIgniter\CodeIgniter->run()
#11 C:\xampp\htdocs\codeigniter\PracticaFinal_Tienda\system\Boot.php(68): CodeIgniter\Boot::runCodeIgniter(Object(CodeIgniter\CodeIgniter))
#12 C:\xampp\htdocs\codeigniter\PracticaFinal_Tienda\public\index.php(59): CodeIgniter\Boot::bootWeb(Object(Config\Paths))
#13 {main}
CRITICAL - 2026-01-16 12:00:42 --> CodeIgniter\Database\Exceptions\DatabaseException: Unable to connect to the database.
Main connection [MySQLi]: Access denied for user '****'@'localhost' (using password: YES)
[Method: GET, Route: /]
in SYSTEMPATH\Database\BaseConnection.php on line 465.
 1 SYSTEMPATH\Database\BaseConnection.php(614): CodeIgniter\Database\BaseConnection->initialize()
 2 SYSTEMPATH\Database\BaseBuilder.php(1649): CodeIgniter\Database\BaseConnection->query('SELECT *
FROM `Productos`
ORDER BY `Visitas` DESC
 LIMIT 4', [], false)
 3 SYSTEMPATH\Model.php(286): CodeIgniter\Database\BaseBuilder->get()
 4 SYSTEMPATH\BaseModel.php(677): CodeIgniter\Model->doFindAll(4, 0)
 5 APPPATH\Models\InicioModel.php(14): CodeIgniter\BaseModel->findAll(4)
 6 APPPATH\Controllers\Home.php(11): App\Models\InicioModel->getProductosPopulares()
 7 SYSTEMPATH\CodeIgniter.php(933): App\Controllers\Home->index()
 8 SYSTEMPATH\CodeIgniter.php(507): CodeIgniter\CodeIgniter->runController(Object(App\Controllers\Home))
 9 SYSTEMPATH\CodeIgniter.php(354): CodeIgniter\CodeIgniter->handleRequest(null, Object(Config\Cache), false)
10 SYSTEMPATH\Boot.php(363): CodeIgniter\CodeIgniter->run()
11 SYSTEMPATH\Boot.php(68): CodeIgniter\Boot::runCodeIgniter(Object(CodeIgniter\CodeIgniter))
12 FCPATH\index.php(59): CodeIgniter\Boot::bootWeb(Object(Config\Paths))
ERROR - 2026-01-16 12:04:53 --> Error connecting to the database: mysqli_sql_exception: Access denied for user 'josemanuelsantamargarita_admin'@'localhost' (using password: NO) in C:\xampp\htdocs\codeigniter\PracticaFinal_Tienda\system\Database\MySQLi\Connection.php:201
Stack trace:
#0 C:\xampp\htdocs\codeigniter\PracticaFinal_Tienda\system\Database\MySQLi\Connection.php(201): mysqli->real_connect('localhost', 'josemanuelsanta...', Object(SensitiveParameterValue), 'josemanuelsanta...', 3306, '', 0)
#1 C:\xampp\htdocs\codeigniter\PracticaFinal_Tienda\system\Database\BaseConnection.php(419): CodeIgniter\Database\MySQLi\Connection->connect(false)
#2 C:\xampp\htdocs\codeigniter\PracticaFinal_Tienda\system\Database\BaseConnection.php(614): CodeIgniter\Database\BaseConnection->initialize()
#3 C:\xampp\htdocs\codeigniter\PracticaFinal_Tienda\system\Database\BaseBuilder.php(1649): CodeIgniter\Database\BaseConnection->query('SELECT *\nFROM `...', Array, false)
#4 C:\xampp\htdocs\codeigniter\PracticaFinal_Tienda\system\Model.php(286): CodeIgniter\Database\BaseBuilder->get()
#5 C:\xampp\htdocs\codeigniter\PracticaFinal_Tienda\system\BaseModel.php(677): CodeIgniter\Model->doFindAll(4, 0)
#6 C:\xampp\htdocs\codeigniter\PracticaFinal_Tienda\app\Models\InicioModel.php(14): CodeIgniter\BaseModel->findAll(4)
#7 C:\xampp\htdocs\codeigniter\PracticaFinal_Tienda\app\Controllers\Home.php(11): App\Models\InicioModel->getProductosPopulares()
#8 C:\xampp\htdocs\codeigniter\PracticaFinal_Tienda\system\CodeIgniter.php(933): App\Controllers\Home->index()
#9 C:\xampp\htdocs\codeigniter\PracticaFinal_Tienda\system\CodeIgniter.php(507): CodeIgniter\CodeIgniter->runController(Object(App\Controllers\Home))
#10 C:\xampp\htdocs\codeigniter\PracticaFinal_Tienda\system\CodeIgniter.php(354): CodeIgniter\CodeIgniter->handleRequest(NULL, Object(Config\Cache), false)
#11 C:\xampp\htdocs\codeigniter\PracticaFinal_Tienda\system\Boot.php(363): CodeIgniter\CodeIgniter->run()
#12 C:\xampp\htdocs\codeigniter\PracticaFinal_Tienda\system\Boot.php(68): CodeIgniter\Boot::runCodeIgniter(Object(CodeIgniter\CodeIgniter))
#13 C:\xampp\htdocs\codeigniter\PracticaFinal_Tienda\public\index.php(59): CodeIgniter\Boot::bootWeb(Object(Config\Paths))
#14 {main}

Next CodeIgniter\Database\Exceptions\DatabaseException: Access denied for user '****'@'localhost' (using password: NO) in C:\xampp\htdocs\codeigniter\PracticaFinal_Tienda\system\Database\MySQLi\Connection.php:246
Stack trace:
#0 C:\xampp\htdocs\codeigniter\PracticaFinal_Tienda\system\Database\BaseConnection.php(419): CodeIgniter\Database\MySQLi\Connection->connect(false)
#1 C:\xampp\htdocs\codeigniter\PracticaFinal_Tienda\system\Database\BaseConnection.php(614): CodeIgniter\Database\BaseConnection->initialize()
#2 C:\xampp\htdocs\codeigniter\PracticaFinal_Tienda\system\Database\BaseBuilder.php(1649): CodeIgniter\Database\BaseConnection->query('SELECT *\nFROM `...', Array, false)
#3 C:\xampp\htdocs\codeigniter\PracticaFinal_Tienda\system\Model.php(286): CodeIgniter\Database\BaseBuilder->get()
#4 C:\xampp\htdocs\codeigniter\PracticaFinal_Tienda\system\BaseModel.php(677): CodeIgniter\Model->doFindAll(4, 0)
#5 C:\xampp\htdocs\codeigniter\PracticaFinal_Tienda\app\Models\InicioModel.php(14): CodeIgniter\BaseModel->findAll(4)
#6 C:\xampp\htdocs\codeigniter\PracticaFinal_Tienda\app\Controllers\Home.php(11): App\Models\InicioModel->getProductosPopulares()
#7 C:\xampp\htdocs\codeigniter\PracticaFinal_Tienda\system\CodeIgniter.php(933): App\Controllers\Home->index()
#8 C:\xampp\htdocs\codeigniter\PracticaFinal_Tienda\system\CodeIgniter.php(507): CodeIgniter\CodeIgniter->runController(Object(App\Controllers\Home))
#9 C:\xampp\htdocs\codeigniter\PracticaFinal_Tienda\system\CodeIgniter.php(354): CodeIgniter\CodeIgniter->handleRequest(NULL, Object(Config\Cache), false)
#10 C:\xampp\htdocs\codeigniter\PracticaFinal_Tienda\system\Boot.php(363): CodeIgniter\CodeIgniter->run()
#11 C:\xampp\htdocs\codeigniter\PracticaFinal_Tienda\system\Boot.php(68): CodeIgniter\Boot::runCodeIgniter(Object(CodeIgniter\CodeIgniter))
#12 C:\xampp\htdocs\codeigniter\PracticaFinal_Tienda\public\index.php(59): CodeIgniter\Boot::bootWeb(Object(Config\Paths))
#13 {main}
CRITICAL - 2026-01-16 12:04:53 --> CodeIgniter\Database\Exceptions\DatabaseException: Unable to connect to the database.
Main connection [MySQLi]: Access denied for user '****'@'localhost' (using password: NO)
[Method: GET, Route: /]
in SYSTEMPATH\Database\BaseConnection.php on line 465.
 1 SYSTEMPATH\Database\BaseConnection.php(614): CodeIgniter\Database\BaseConnection->initialize()
 2 SYSTEMPATH\Database\BaseBuilder.php(1649): CodeIgniter\Database\BaseConnection->query('SELECT *
FROM `Productos`
ORDER BY `Visitas` DESC
 LIMIT 4', [], false)
 3 SYSTEMPATH\Model.php(286): CodeIgniter\Database\BaseBuilder->get()
 4 SYSTEMPATH\BaseModel.php(677): CodeIgniter\Model->doFindAll(4, 0)
 5 APPPATH\Models\InicioModel.php(14): CodeIgniter\BaseModel->findAll(4)
 6 APPPATH\Controllers\Home.php(11): App\Models\InicioModel->getProductosPopulares()
 7 SYSTEMPATH\CodeIgniter.php(933): App\Controllers\Home->index()
 8 SYSTEMPATH\CodeIgniter.php(507): CodeIgniter\CodeIgniter->runController(Object(App\Controllers\Home))
 9 SYSTEMPATH\CodeIgniter.php(354): CodeIgniter\CodeIgniter->handleRequest(null, Object(Config\Cache), false)
10 SYSTEMPATH\Boot.php(363): CodeIgniter\CodeIgniter->run()
11 SYSTEMPATH\Boot.php(68): CodeIgniter\Boot::runCodeIgniter(Object(CodeIgniter\CodeIgniter))
12 FCPATH\index.php(59): CodeIgniter\Boot::bootWeb(Object(Config\Paths))
ERROR - 2026-01-16 12:06:05 --> Error connecting to the database: mysqli_sql_exception: Access denied for user 'josemanuelsantamargarita_admin'@'localhost' (using password: YES) in C:\xampp\htdocs\codeigniter\PracticaFinal_Tienda\system\Database\MySQLi\Connection.php:201
Stack trace:
#0 C:\xampp\htdocs\codeigniter\PracticaFinal_Tienda\system\Database\MySQLi\Connection.php(201): mysqli->real_connect('localhost', 'josemanuelsanta...', Object(SensitiveParameterValue), 'josemanuelsanta...', 3306, '', 0)
#1 C:\xampp\htdocs\codeigniter\PracticaFinal_Tienda\system\Database\BaseConnection.php(419): CodeIgniter\Database\MySQLi\Connection->connect(false)
#2 C:\xampp\htdocs\codeigniter\PracticaFinal_Tienda\system\Database\BaseConnection.php(614): CodeIgniter\Database\BaseConnection->initialize()
#3 C:\xampp\htdocs\codeigniter\PracticaFinal_Tienda\system\Database\BaseBuilder.php(1649): CodeIgniter\Database\BaseConnection->query('SELECT *\nFROM `...', Array, false)
#4 C:\xampp\htdocs\codeigniter\PracticaFinal_Tienda\system\Model.php(286): CodeIgniter\Database\BaseBuilder->get()
#5 C:\xampp\htdocs\codeigniter\PracticaFinal_Tienda\system\BaseModel.php(677): CodeIgniter\Model->doFindAll(4, 0)
#6 C:\xampp\htdocs\codeigniter\PracticaFinal_Tienda\app\Models\InicioModel.php(14): CodeIgniter\BaseModel->findAll(4)
#7 C:\xampp\htdocs\codeigniter\PracticaFinal_Tienda\app\Controllers\Home.php(11): App\Models\InicioModel->getProductosPopulares()
#8 C:\xampp\htdocs\codeigniter\PracticaFinal_Tienda\system\CodeIgniter.php(933): App\Controllers\Home->index()
#9 C:\xampp\htdocs\codeigniter\PracticaFinal_Tienda\system\CodeIgniter.php(507): CodeIgniter\CodeIgniter->runController(Object(App\Controllers\Home))
#10 C:\xampp\htdocs\codeigniter\PracticaFinal_Tienda\system\CodeIgniter.php(354): CodeIgniter\CodeIgniter->handleRequest(NULL, Object(Config\Cache), false)
#11 C:\xampp\htdocs\codeigniter\PracticaFinal_Tienda\system\Boot.php(363): CodeIgniter\CodeIgniter->run()
#12 C:\xampp\htdocs\codeigniter\PracticaFinal_Tienda\system\Boot.php(68): CodeIgniter\Boot::runCodeIgniter(Object(CodeIgniter\CodeIgniter))
#13 C:\xampp\htdocs\codeigniter\PracticaFinal_Tienda\public\index.php(59): CodeIgniter\Boot::bootWeb(Object(Config\Paths))
#14 {main}

Next CodeIgniter\Database\Exceptions\DatabaseException: Access denied for user '****'@'localhost' (using password: YES) in C:\xampp\htdocs\codeigniter\PracticaFinal_Tienda\system\Database\MySQLi\Connection.php:246
Stack trace:
#0 C:\xampp\htdocs\codeigniter\PracticaFinal_Tienda\system\Database\BaseConnection.php(419): CodeIgniter\Database\MySQLi\Connection->connect(false)
#1 C:\xampp\htdocs\codeigniter\PracticaFinal_Tienda\system\Database\BaseConnection.php(614): CodeIgniter\Database\BaseConnection->initialize()
#2 C:\xampp\htdocs\codeigniter\PracticaFinal_Tienda\system\Database\BaseBuilder.php(1649): CodeIgniter\Database\BaseConnection->query('SELECT *\nFROM `...', Array, false)
#3 C:\xampp\htdocs\codeigniter\PracticaFinal_Tienda\system\Model.php(286): CodeIgniter\Database\BaseBuilder->get()
#4 C:\xampp\htdocs\codeigniter\PracticaFinal_Tienda\system\BaseModel.php(677): CodeIgniter\Model->doFindAll(4, 0)
#5 C:\xampp\htdocs\codeigniter\PracticaFinal_Tienda\app\Models\InicioModel.php(14): CodeIgniter\BaseModel->findAll(4)
#6 C:\xampp\htdocs\codeigniter\PracticaFinal_Tienda\app\Controllers\Home.php(11): App\Models\InicioModel->getProductosPopulares()
#7 C:\xampp\htdocs\codeigniter\PracticaFinal_Tienda\system\CodeIgniter.php(933): App\Controllers\Home->index()
#8 C:\xampp\htdocs\codeigniter\PracticaFinal_Tienda\system\CodeIgniter.php(507): CodeIgniter\CodeIgniter->runController(Object(App\Controllers\Home))
#9 C:\xampp\htdocs\codeigniter\PracticaFinal_Tienda\system\CodeIgniter.php(354): CodeIgniter\CodeIgniter->handleRequest(NULL, Object(Config\Cache), false)
#10 C:\xampp\htdocs\codeigniter\PracticaFinal_Tienda\system\Boot.php(363): CodeIgniter\CodeIgniter->run()
#11 C:\xampp\htdocs\codeigniter\PracticaFinal_Tienda\system\Boot.php(68): CodeIgniter\Boot::runCodeIgniter(Object(CodeIgniter\CodeIgniter))
#12 C:\xampp\htdocs\codeigniter\PracticaFinal_Tienda\public\index.php(59): CodeIgniter\Boot::bootWeb(Object(Config\Paths))
#13 {main}
CRITICAL - 2026-01-16 12:06:05 --> CodeIgniter\Database\Exceptions\DatabaseException: Unable to connect to the database.
Main connection [MySQLi]: Access denied for user '****'@'localhost' (using password: YES)
[Method: GET, Route: /]
in SYSTEMPATH\Database\BaseConnection.php on line 465.
 1 SYSTEMPATH\Database\BaseConnection.php(614): CodeIgniter\Database\BaseConnection->initialize()
 2 SYSTEMPATH\Database\BaseBuilder.php(1649): CodeIgniter\Database\BaseConnection->query('SELECT *
FROM `Productos`
ORDER BY `Visitas` DESC
 LIMIT 4', [], false)
 3 SYSTEMPATH\Model.php(286): CodeIgniter\Database\BaseBuilder->get()
 4 SYSTEMPATH\BaseModel.php(677): CodeIgniter\Model->doFindAll(4, 0)
 5 APPPATH\Models\InicioModel.php(14): CodeIgniter\BaseModel->findAll(4)
 6 APPPATH\Controllers\Home.php(11): App\Models\InicioModel->getProductosPopulares()
 7 SYSTEMPATH\CodeIgniter.php(933): App\Controllers\Home->index()
 8 SYSTEMPATH\CodeIgniter.php(507): CodeIgniter\CodeIgniter->runController(Object(App\Controllers\Home))
 9 SYSTEMPATH\CodeIgniter.php(354): CodeIgniter\CodeIgniter->handleRequest(null, Object(Config\Cache), false)
10 SYSTEMPATH\Boot.php(363): CodeIgniter\CodeIgniter->run()
11 SYSTEMPATH\Boot.php(68): CodeIgniter\Boot::runCodeIgniter(Object(CodeIgniter\CodeIgniter))
12 FCPATH\index.php(59): CodeIgniter\Boot::bootWeb(Object(Config\Paths))
ERROR - 2026-01-16 12:17:41 --> Error connecting to the database: mysqli_sql_exception: Unknown database 'josemanuelsantamargarita_practica_final_php' in C:\xampp\htdocs\codeigniter\PracticaFinal_Tienda\system\Database\MySQLi\Connection.php:201
Stack trace:
#0 C:\xampp\htdocs\codeigniter\PracticaFinal_Tienda\system\Database\MySQLi\Connection.php(201): mysqli->real_connect('localhost', 'josemanuelsanta...', Object(SensitiveParameterValue), 'josemanuelsanta...', 3306, '', 0)
#1 C:\xampp\htdocs\codeigniter\PracticaFinal_Tienda\system\Database\BaseConnection.php(419): CodeIgniter\Database\MySQLi\Connection->connect(false)
#2 C:\xampp\htdocs\codeigniter\PracticaFinal_Tienda\system\Database\BaseConnection.php(614): CodeIgniter\Database\BaseConnection->initialize()
#3 C:\xampp\htdocs\codeigniter\PracticaFinal_Tienda\system\Database\BaseBuilder.php(1649): CodeIgniter\Database\BaseConnection->query('SELECT *\nFROM `...', Array, false)
#4 C:\xampp\htdocs\codeigniter\PracticaFinal_Tienda\system\Model.php(286): CodeIgniter\Database\BaseBuilder->get()
#5 C:\xampp\htdocs\codeigniter\PracticaFinal_Tienda\system\BaseModel.php(677): CodeIgniter\Model->doFindAll(4, 0)
#6 C:\xampp\htdocs\codeigniter\PracticaFinal_Tienda\app\Models\InicioModel.php(14): CodeIgniter\BaseModel->findAll(4)
#7 C:\xampp\htdocs\codeigniter\PracticaFinal_Tienda\app\Controllers\Home.php(11): App\Models\InicioModel->getProductosPopulares()
#8 C:\xampp\htdocs\codeigniter\PracticaFinal_Tienda\system\CodeIgniter.php(933): App\Controllers\Home->index()
#9 C:\xampp\htdocs\codeigniter\PracticaFinal_Tienda\system\CodeIgniter.php(507): CodeIgniter\CodeIgniter->runController(Object(App\Controllers\Home))
#10 C:\xampp\htdocs\codeigniter\PracticaFinal_Tienda\system\CodeIgniter.php(354): CodeIgniter\CodeIgniter->handleRequest(NULL, Object(Config\Cache), false)
#11 C:\xampp\htdocs\codeigniter\PracticaFinal_Tienda\system\Boot.php(363): CodeIgniter\CodeIgniter->run()
#12 C:\xampp\htdocs\codeigniter\PracticaFinal_Tienda\system\Boot.php(68): CodeIgniter\Boot::runCodeIgniter(Object(CodeIgniter\CodeIgniter))
#13 C:\xampp\htdocs\codeigniter\PracticaFinal_Tienda\public\index.php(59): CodeIgniter\Boot::bootWeb(Object(Config\Paths))
#14 {main}

Next CodeIgniter\Database\Exceptions\DatabaseException: Unknown database 'josemanuelsantamargarita_practica_final_php' in C:\xampp\htdocs\codeigniter\PracticaFinal_Tienda\system\Database\MySQLi\Connection.php:246
Stack trace:
#0 C:\xampp\htdocs\codeigniter\PracticaFinal_Tienda\system\Database\BaseConnection.php(419): CodeIgniter\Database\MySQLi\Connection->connect(false)
#1 C:\xampp\htdocs\codeigniter\PracticaFinal_Tienda\system\Database\BaseConnection.php(614): CodeIgniter\Database\BaseConnection->initialize()
#2 C:\xampp\htdocs\codeigniter\PracticaFinal_Tienda\system\Database\BaseBuilder.php(1649): CodeIgniter\Database\BaseConnection->query('SELECT *\nFROM `...', Array, false)
#3 C:\xampp\htdocs\codeigniter\PracticaFinal_Tienda\system\Model.php(286): CodeIgniter\Database\BaseBuilder->get()
#4 C:\xampp\htdocs\codeigniter\PracticaFinal_Tienda\system\BaseModel.php(677): CodeIgniter\Model->doFindAll(4, 0)
#5 C:\xampp\htdocs\codeigniter\PracticaFinal_Tienda\app\Models\InicioModel.php(14): CodeIgniter\BaseModel->findAll(4)
#6 C:\xampp\htdocs\codeigniter\PracticaFinal_Tienda\app\Controllers\Home.php(11): App\Models\InicioModel->getProductosPopulares()
#7 C:\xampp\htdocs\codeigniter\PracticaFinal_Tienda\system\CodeIgniter.php(933): App\Controllers\Home->index()
#8 C:\xampp\htdocs\codeigniter\PracticaFinal_Tienda\system\CodeIgniter.php(507): CodeIgniter\CodeIgniter->runController(Object(App\Controllers\Home))
#9 C:\xampp\htdocs\codeigniter\PracticaFinal_Tienda\system\CodeIgniter.php(354): CodeIgniter\CodeIgniter->handleRequest(NULL, Object(Config\Cache), false)
#10 C:\xampp\htdocs\codeigniter\PracticaFinal_Tienda\system\Boot.php(363): CodeIgniter\CodeIgniter->run()
#11 C:\xampp\htdocs\codeigniter\PracticaFinal_Tienda\system\Boot.php(68): CodeIgniter\Boot::runCodeIgniter(Object(CodeIgniter\CodeIgniter))
#12 C:\xampp\htdocs\codeigniter\PracticaFinal_Tienda\public\index.php(59): CodeIgniter\Boot::bootWeb(Object(Config\Paths))
#13 {main}
CRITICAL - 2026-01-16 12:17:41 --> CodeIgniter\Database\Exceptions\DatabaseException: Unable to connect to the database.
Main connection [MySQLi]: Unknown database 'josemanuelsantamargarita_practica_final_php'
[Method: GET, Route: /]
in SYSTEMPATH\Database\BaseConnection.php on line 465.
 1 SYSTEMPATH\Database\BaseConnection.php(614): CodeIgniter\Database\BaseConnection->initialize()
 2 SYSTEMPATH\Database\BaseBuilder.php(1649): CodeIgniter\Database\BaseConnection->query('SELECT *
FROM `Productos`
ORDER BY `Visitas` DESC
 LIMIT 4', [], false)
 3 SYSTEMPATH\Model.php(286): CodeIgniter\Database\BaseBuilder->get()
 4 SYSTEMPATH\BaseModel.php(677): CodeIgniter\Model->doFindAll(4, 0)
 5 APPPATH\Models\InicioModel.php(14): CodeIgniter\BaseModel->findAll(4)
 6 APPPATH\Controllers\Home.php(11): App\Models\InicioModel->getProductosPopulares()
 7 SYSTEMPATH\CodeIgniter.php(933): App\Controllers\Home->index()
 8 SYSTEMPATH\CodeIgniter.php(507): CodeIgniter\CodeIgniter->runController(Object(App\Controllers\Home))
 9 SYSTEMPATH\CodeIgniter.php(354): CodeIgniter\CodeIgniter->handleRequest(null, Object(Config\Cache), false)
10 SYSTEMPATH\Boot.php(363): CodeIgniter\CodeIgniter->run()
11 SYSTEMPATH\Boot.php(68): CodeIgniter\Boot::runCodeIgniter(Object(CodeIgniter\CodeIgniter))
12 FCPATH\index.php(59): CodeIgniter\Boot::bootWeb(Object(Config\Paths))
ERROR - 2026-01-16 12:19:41 --> mysqli_sql_exception: Table 'josemanuelsantamargarita_practica_final_php.productos' doesn't exist in C:\xampp\htdocs\codeigniter\PracticaFinal_Tienda\system\Database\MySQLi\Connection.php:327
Stack trace:
#0 C:\xampp\htdocs\codeigniter\PracticaFinal_Tienda\system\Database\MySQLi\Connection.php(327): mysqli->query('SELECT *\nFROM `...', 0)
#1 C:\xampp\htdocs\codeigniter\PracticaFinal_Tienda\system\Database\BaseConnection.php(729): CodeIgniter\Database\MySQLi\Connection->execute('SELECT *\nFROM `...')
#2 C:\xampp\htdocs\codeigniter\PracticaFinal_Tienda\system\Database\BaseConnection.php(646): CodeIgniter\Database\BaseConnection->simpleQuery('SELECT *\nFROM `...')
#3 C:\xampp\htdocs\codeigniter\PracticaFinal_Tienda\system\Database\BaseBuilder.php(1649): CodeIgniter\Database\BaseConnection->query('SELECT *\nFROM `...', Array, false)
#4 C:\xampp\htdocs\codeigniter\PracticaFinal_Tienda\system\Model.php(286): CodeIgniter\Database\BaseBuilder->get()
#5 C:\xampp\htdocs\codeigniter\PracticaFinal_Tienda\system\BaseModel.php(677): CodeIgniter\Model->doFindAll(4, 0)
#6 C:\xampp\htdocs\codeigniter\PracticaFinal_Tienda\app\Models\InicioModel.php(14): CodeIgniter\BaseModel->findAll(4)
#7 C:\xampp\htdocs\codeigniter\PracticaFinal_Tienda\app\Controllers\Home.php(11): App\Models\InicioModel->getProductosPopulares()
#8 C:\xampp\htdocs\codeigniter\PracticaFinal_Tienda\system\CodeIgniter.php(933): App\Controllers\Home->index()
#9 C:\xampp\htdocs\codeigniter\PracticaFinal_Tienda\system\CodeIgniter.php(507): CodeIgniter\CodeIgniter->runController(Object(App\Controllers\Home))
#10 C:\xampp\htdocs\codeigniter\PracticaFinal_Tienda\system\CodeIgniter.php(354): CodeIgniter\CodeIgniter->handleRequest(NULL, Object(Config\Cache), false)
#11 C:\xampp\htdocs\codeigniter\PracticaFinal_Tienda\system\Boot.php(363): CodeIgniter\CodeIgniter->run()
#12 C:\xampp\htdocs\codeigniter\PracticaFinal_Tienda\system\Boot.php(68): CodeIgniter\Boot::runCodeIgniter(Object(CodeIgniter\CodeIgniter))
#13 C:\xampp\htdocs\codeigniter\PracticaFinal_Tienda\public\index.php(59): CodeIgniter\Boot::bootWeb(Object(Config\Paths))
#14 {main}
CRITICAL - 2026-01-16 12:19:41 --> CodeIgniter\Database\Exceptions\DatabaseException: Table 'josemanuelsantamargarita_practica_final_php.productos' doesn't exist
[Method: GET, Route: /]
in SYSTEMPATH\Database\BaseConnection.php on line 684.
 1 SYSTEMPATH\Database\BaseBuilder.php(1649): CodeIgniter\Database\BaseConnection->query('SELECT *
FROM `Productos`
ORDER BY `Visitas` DESC
 LIMIT 4', [], false)
 2 SYSTEMPATH\Model.php(286): CodeIgniter\Database\BaseBuilder->get()
 3 SYSTEMPATH\BaseModel.php(677): CodeIgniter\Model->doFindAll(4, 0)
 4 APPPATH\Models\InicioModel.php(14): CodeIgniter\BaseModel->findAll(4)
 5 APPPATH\Controllers\Home.php(11): App\Models\InicioModel->getProductosPopulares()
 6 SYSTEMPATH\CodeIgniter.php(933): App\Controllers\Home->index()
 7 SYSTEMPATH\CodeIgniter.php(507): CodeIgniter\CodeIgniter->runController(Object(App\Controllers\Home))
 8 SYSTEMPATH\CodeIgniter.php(354): CodeIgniter\CodeIgniter->handleRequest(null, Object(Config\Cache), false)
 9 SYSTEMPATH\Boot.php(363): CodeIgniter\CodeIgniter->run()
10 SYSTEMPATH\Boot.php(68): CodeIgniter\Boot::runCodeIgniter(Object(CodeIgniter\CodeIgniter))
11 FCPATH\index.php(59): CodeIgniter\Boot::bootWeb(Object(Config\Paths))
CRITICAL - 2026-01-16 12:19:41 --> [Caused by] CodeIgniter\Database\Exceptions\DatabaseException: Table 'josemanuelsantamargarita_practica_final_php.productos' doesn't exist
in SYSTEMPATH\Database\MySQLi\Connection.php on line 332.
 1 SYSTEMPATH\Database\BaseConnection.php(729): CodeIgniter\Database\MySQLi\Connection->execute('SELECT *
FROM `Productos`
ORDER BY `Visitas` DESC
 LIMIT 4')
 2 SYSTEMPATH\Database\BaseConnection.php(646): CodeIgniter\Database\BaseConnection->simpleQuery('SELECT *
FROM `Productos`
ORDER BY `Visitas` DESC
 LIMIT 4')
 3 SYSTEMPATH\Database\BaseBuilder.php(1649): CodeIgniter\Database\BaseConnection->query('SELECT *
FROM `Productos`
ORDER BY `Visitas` DESC
 LIMIT 4', [], false)
 4 SYSTEMPATH\Model.php(286): CodeIgniter\Database\BaseBuilder->get()
 5 SYSTEMPATH\BaseModel.php(677): CodeIgniter\Model->doFindAll(4, 0)
 6 APPPATH\Models\InicioModel.php(14): CodeIgniter\BaseModel->findAll(4)
 7 APPPATH\Controllers\Home.php(11): App\Models\InicioModel->getProductosPopulares()
 8 SYSTEMPATH\CodeIgniter.php(933): App\Controllers\Home->index()
 9 SYSTEMPATH\CodeIgniter.php(507): CodeIgniter\CodeIgniter->runController(Object(App\Controllers\Home))
10 SYSTEMPATH\CodeIgniter.php(354): CodeIgniter\CodeIgniter->handleRequest(null, Object(Config\Cache), false)
11 SYSTEMPATH\Boot.php(363): CodeIgniter\CodeIgniter->run()
12 SYSTEMPATH\Boot.php(68): CodeIgniter\Boot::runCodeIgniter(Object(CodeIgniter\CodeIgniter))
13 FCPATH\index.php(59): CodeIgniter\Boot::bootWeb(Object(Config\Paths))
CRITICAL - 2026-01-16 12:19:41 --> [Caused by] mysqli_sql_exception: Table 'josemanuelsantamargarita_practica_final_php.productos' doesn't exist
in SYSTEMPATH\Database\MySQLi\Connection.php on line 327.
 1 SYSTEMPATH\Database\MySQLi\Connection.php(327): mysqli->query('SELECT *
FROM `Productos`
ORDER BY `Visitas` DESC
 LIMIT 4', 0)
 2 SYSTEMPATH\Database\BaseConnection.php(729): CodeIgniter\Database\MySQLi\Connection->execute('SELECT *
FROM `Productos`
ORDER BY `Visitas` DESC
 LIMIT 4')
 3 SYSTEMPATH\Database\BaseConnection.php(646): CodeIgniter\Database\BaseConnection->simpleQuery('SELECT *
FROM `Productos`
ORDER BY `Visitas` DESC
 LIMIT 4')
 4 SYSTEMPATH\Database\BaseBuilder.php(1649): CodeIgniter\Database\BaseConnection->query('SELECT *
FROM `Productos`
ORDER BY `Visitas` DESC
 LIMIT 4', [], false)
 5 SYSTEMPATH\Model.php(286): CodeIgniter\Database\BaseBuilder->get()
 6 SYSTEMPATH\BaseModel.php(677): CodeIgniter\Model->doFindAll(4, 0)
 7 APPPATH\Models\InicioModel.php(14): CodeIgniter\BaseModel->findAll(4)
 8 APPPATH\Controllers\Home.php(11): App\Models\InicioModel->getProductosPopulares()
 9 SYSTEMPATH\CodeIgniter.php(933): App\Controllers\Home->index()
10 SYSTEMPATH\CodeIgniter.php(507): CodeIgniter\CodeIgniter->runController(Object(App\Controllers\Home))
11 SYSTEMPATH\CodeIgniter.php(354): CodeIgniter\CodeIgniter->handleRequest(null, Object(Config\Cache), false)
12 SYSTEMPATH\Boot.php(363): CodeIgniter\CodeIgniter->run()
13 SYSTEMPATH\Boot.php(68): CodeIgniter\Boot::runCodeIgniter(Object(CodeIgniter\CodeIgniter))
14 FCPATH\index.php(59): CodeIgniter\Boot::bootWeb(Object(Config\Paths))
ERROR - 2026-01-16 12:26:36 --> mysqli_sql_exception: Table 'josemanuelsantamargarita_practica_final_php.productos' doesn't exist in C:\xampp\htdocs\codeigniter\PracticaFinal_Tienda\system\Database\MySQLi\Connection.php:327
Stack trace:
#0 C:\xampp\htdocs\codeigniter\PracticaFinal_Tienda\system\Database\MySQLi\Connection.php(327): mysqli->query('SELECT *\nFROM `...', 0)
#1 C:\xampp\htdocs\codeigniter\PracticaFinal_Tienda\system\Database\BaseConnection.php(729): CodeIgniter\Database\MySQLi\Connection->execute('SELECT *\nFROM `...')
#2 C:\xampp\htdocs\codeigniter\PracticaFinal_Tienda\system\Database\BaseConnection.php(646): CodeIgniter\Database\BaseConnection->simpleQuery('SELECT *\nFROM `...')
#3 C:\xampp\htdocs\codeigniter\PracticaFinal_Tienda\system\Database\BaseBuilder.php(1649): CodeIgniter\Database\BaseConnection->query('SELECT *\nFROM `...', Array, false)
#4 C:\xampp\htdocs\codeigniter\PracticaFinal_Tienda\system\Model.php(286): CodeIgniter\Database\BaseBuilder->get()
#5 C:\xampp\htdocs\codeigniter\PracticaFinal_Tienda\system\BaseModel.php(677): CodeIgniter\Model->doFindAll(4, 0)
#6 C:\xampp\htdocs\codeigniter\PracticaFinal_Tienda\app\Models\InicioModel.php(14): CodeIgniter\BaseModel->findAll(4)
#7 C:\xampp\htdocs\codeigniter\PracticaFinal_Tienda\app\Controllers\Home.php(11): App\Models\InicioModel->getProductosPopulares()
#8 C:\xampp\htdocs\codeigniter\PracticaFinal_Tienda\system\CodeIgniter.php(933): App\Controllers\Home->index()
#9 C:\xampp\htdocs\codeigniter\PracticaFinal_Tienda\system\CodeIgniter.php(507): CodeIgniter\CodeIgniter->runController(Object(App\Controllers\Home))
#10 C:\xampp\htdocs\codeigniter\PracticaFinal_Tienda\system\CodeIgniter.php(354): CodeIgniter\CodeIgniter->handleRequest(NULL, Object(Config\Cache), false)
#11 C:\xampp\htdocs\codeigniter\PracticaFinal_Tienda\system\Boot.php(363): CodeIgniter\CodeIgniter->run()
#12 C:\xampp\htdocs\codeigniter\PracticaFinal_Tienda\system\Boot.php(68): CodeIgniter\Boot::runCodeIgniter(Object(CodeIgniter\CodeIgniter))
#13 C:\xampp\htdocs\codeigniter\PracticaFinal_Tienda\public\index.php(59): CodeIgniter\Boot::bootWeb(Object(Config\Paths))
#14 {main}
CRITICAL - 2026-01-16 12:26:36 --> CodeIgniter\Database\Exceptions\DatabaseException: Table 'josemanuelsantamargarita_practica_final_php.productos' doesn't exist
[Method: GET, Route: /]
in SYSTEMPATH\Database\BaseConnection.php on line 684.
 1 SYSTEMPATH\Database\BaseBuilder.php(1649): CodeIgniter\Database\BaseConnection->query('SELECT *
FROM `Productos`
ORDER BY `Visitas` DESC
 LIMIT 4', [], false)
 2 SYSTEMPATH\Model.php(286): CodeIgniter\Database\BaseBuilder->get()
 3 SYSTEMPATH\BaseModel.php(677): CodeIgniter\Model->doFindAll(4, 0)
 4 APPPATH\Models\InicioModel.php(14): CodeIgniter\BaseModel->findAll(4)
 5 APPPATH\Controllers\Home.php(11): App\Models\InicioModel->getProductosPopulares()
 6 SYSTEMPATH\CodeIgniter.php(933): App\Controllers\Home->index()
 7 SYSTEMPATH\CodeIgniter.php(507): CodeIgniter\CodeIgniter->runController(Object(App\Controllers\Home))
 8 SYSTEMPATH\CodeIgniter.php(354): CodeIgniter\CodeIgniter->handleRequest(null, Object(Config\Cache), false)
 9 SYSTEMPATH\Boot.php(363): CodeIgniter\CodeIgniter->run()
10 SYSTEMPATH\Boot.php(68): CodeIgniter\Boot::runCodeIgniter(Object(CodeIgniter\CodeIgniter))
11 FCPATH\index.php(59): CodeIgniter\Boot::bootWeb(Object(Config\Paths))
CRITICAL - 2026-01-16 12:26:36 --> [Caused by] CodeIgniter\Database\Exceptions\DatabaseException: Table 'josemanuelsantamargarita_practica_final_php.productos' doesn't exist
in SYSTEMPATH\Database\MySQLi\Connection.php on line 332.
 1 SYSTEMPATH\Database\BaseConnection.php(729): CodeIgniter\Database\MySQLi\Connection->execute('SELECT *
FROM `Productos`
ORDER BY `Visitas` DESC
 LIMIT 4')
 2 SYSTEMPATH\Database\BaseConnection.php(646): CodeIgniter\Database\BaseConnection->simpleQuery('SELECT *
FROM `Productos`
ORDER BY `Visitas` DESC
 LIMIT 4')
 3 SYSTEMPATH\Database\BaseBuilder.php(1649): CodeIgniter\Database\BaseConnection->query('SELECT *
FROM `Productos`
ORDER BY `Visitas` DESC
 LIMIT 4', [], false)
 4 SYSTEMPATH\Model.php(286): CodeIgniter\Database\BaseBuilder->get()
 5 SYSTEMPATH\BaseModel.php(677): CodeIgniter\Model->doFindAll(4, 0)
 6 APPPATH\Models\InicioModel.php(14): CodeIgniter\BaseModel->findAll(4)
 7 APPPATH\Controllers\Home.php(11): App\Models\InicioModel->getProductosPopulares()
 8 SYSTEMPATH\CodeIgniter.php(933): App\Controllers\Home->index()
 9 SYSTEMPATH\CodeIgniter.php(507): CodeIgniter\CodeIgniter->runController(Object(App\Controllers\Home))
10 SYSTEMPATH\CodeIgniter.php(354): CodeIgniter\CodeIgniter->handleRequest(null, Object(Config\Cache), false)
11 SYSTEMPATH\Boot.php(363): CodeIgniter\CodeIgniter->run()
12 SYSTEMPATH\Boot.php(68): CodeIgniter\Boot::runCodeIgniter(Object(CodeIgniter\CodeIgniter))
13 FCPATH\index.php(59): CodeIgniter\Boot::bootWeb(Object(Config\Paths))
CRITICAL - 2026-01-16 12:26:36 --> [Caused by] mysqli_sql_exception: Table 'josemanuelsantamargarita_practica_final_php.productos' doesn't exist
in SYSTEMPATH\Database\MySQLi\Connection.php on line 327.
 1 SYSTEMPATH\Database\MySQLi\Connection.php(327): mysqli->query('SELECT *
FROM `Productos`
ORDER BY `Visitas` DESC
 LIMIT 4', 0)
 2 SYSTEMPATH\Database\BaseConnection.php(729): CodeIgniter\Database\MySQLi\Connection->execute('SELECT *
FROM `Productos`
ORDER BY `Visitas` DESC
 LIMIT 4')
 3 SYSTEMPATH\Database\BaseConnection.php(646): CodeIgniter\Database\BaseConnection->simpleQuery('SELECT *
FROM `Productos`
ORDER BY `Visitas` DESC
 LIMIT 4')
 4 SYSTEMPATH\Database\BaseBuilder.php(1649): CodeIgniter\Database\BaseConnection->query('SELECT *
FROM `Productos`
ORDER BY `Visitas` DESC
 LIMIT 4', [], false)
 5 SYSTEMPATH\Model.php(286): CodeIgniter\Database\BaseBuilder->get()
 6 SYSTEMPATH\BaseModel.php(677): CodeIgniter\Model->doFindAll(4, 0)
 7 APPPATH\Models\InicioModel.php(14): CodeIgniter\BaseModel->findAll(4)
 8 APPPATH\Controllers\Home.php(11): App\Models\InicioModel->getProductosPopulares()
 9 SYSTEMPATH\CodeIgniter.php(933): App\Controllers\Home->index()
10 SYSTEMPATH\CodeIgniter.php(507): CodeIgniter\CodeIgniter->runController(Object(App\Controllers\Home))
11 SYSTEMPATH\CodeIgniter.php(354): CodeIgniter\CodeIgniter->handleRequest(null, Object(Config\Cache), false)
12 SYSTEMPATH\Boot.php(363): CodeIgniter\CodeIgniter->run()
13 SYSTEMPATH\Boot.php(68): CodeIgniter\Boot::runCodeIgniter(Object(CodeIgniter\CodeIgniter))
14 FCPATH\index.php(59): CodeIgniter\Boot::bootWeb(Object(Config\Paths))
